                              Sample_Name training   MLST Human_CL1 Human_CL2
1                   31_CN_03_B27_M3_C8_P1        0   ST12         0         0
2                   32_CN_03_B27_M3_C8_P2        0   ST12         0         0
3                   79_CN_02_B32_M3_C8_P2        0  ST131         0         0
4                   79_CN_06_B32_M3_C9_P1        0   ST93         0         0
5                    98_CN_06_B6_M2_C5_P2        0 ST6006         0         0
6 Escherichia_coli_113_CN-21_B36_M1_C4_P1        0  ST181         0         0
  Chicken_CL1 Chicken_CL2 Turkey_CL1 Turkey_CL2 Pork Beef CL1 CL2 EL18 EL19 EL2
1           0           0          0          0    1    0   0   1    1    0   0
2           0           0          0          0    1    0   0   1    1    0   0
3           0           0          0          0    1    0   0   1    0    0   0
4           0           0          0          0    1    0   0   1    0    0   0
5           0           0          0          1    0    0   0   1    1    0   1
6           0           1          0          0    0    0   0   1    0    0   0
  EL3 EL35 EL36 EL37 EL38 EL39 EL40 EL41 EL42 EL43 EL44 EL45 EL46 EL50
1   0    1    0    0    0    0    0    0    0    0    0    0    0    0
2   0    1    0    0    0    0    0    0    0    0    0    0    0    0
3   0    0    0    0    0    0    0    0    0    0    0    0    0    0
4   0    0    0    1    1    0    0    0    0    0    1    0    1    0
5   0    0    0    0    0    0    0    0    0    0    0    0    0    0
6   1    0    0    0    0    0    0    0    0    0    0    1    0    0
Welcome to JAGS 4.3.0 on Tue Aug 26 17:11:48 2025
JAGS is free software and comes with ABSOLUTELY NO WARRANTY
Loading module: basemod: ok
Loading module: bugs: ok
Deleting model
Clearing data table 
Reading data file jagsdata.txt
Compiling model graph
   Resolving undeclared variables
   Allocating nodes
Graph information:
   Observed stochastic nodes: 62718
   Unobserved stochastic nodes: 221
   Total graph size: 64760
Reading initial values file jagsinits1.txt
Initializing model
Updating 5000
-------------------------| 5000
************************* 100%
Updating 5000
-------------------------| 5000
************************* 100%
RUNTIMER: 0:10:3 (hh:mm:ss)
